This is pdfTeX, Version 3.1415926-2.4-1.40.13 (TeX Live 2012/MacPorts 2012_4) (format=pdflatex 2012.11.13)  5 DEC 2012 05:01
entering extended mode
 restricted \write18 enabled.
 %&-line parsing enabled.
**STAT230-StudyNotes.tex
(./STAT230-StudyNotes.tex
LaTeX2e <2011/06/27>
Babel <v3.8m> and hyphenation patterns for english, dumylang, nohyphenation, cz
ech, slovak, dutch, ukenglish, usenglishmax, basque, french, german-x-2012-05-3
0, ngerman-x-2012-05-30, german, ngerman, swissgerman, italian, polish, portugu
ese, spanish, catalan, galician, loaded.
(/opt/local/share/texmf-texlive-dist/tex/latex/base/article.cls
Document Class: article 2007/10/19 v1.4h Standard LaTeX document class
(/opt/local/share/texmf-texlive-dist/tex/latex/base/size11.clo
File: size11.clo 2007/10/19 v1.4h Standard LaTeX file (size option)
)
\c@part=\count79
\c@section=\count80
\c@subsection=\count81
\c@subsubsection=\count82
\c@paragraph=\count83
\c@subparagraph=\count84
\c@figure=\count85
\c@table=\count86
\abovecaptionskip=\skip41
\belowcaptionskip=\skip42
\bibindent=\dimen102
)
(./STAT230-StudyNotes.aux)
\openout1 = `STAT230-StudyNotes.aux'.

LaTeX Font Info:    Checking defaults for OML/cmm/m/it on input line 7.
LaTeX Font Info:    ... okay on input line 7.
LaTeX Font Info:    Checking defaults for T1/cmr/m/n on input line 7.
LaTeX Font Info:    ... okay on input line 7.
LaTeX Font Info:    Checking defaults for OT1/cmr/m/n on input line 7.
LaTeX Font Info:    ... okay on input line 7.
LaTeX Font Info:    Checking defaults for OMS/cmsy/m/n on input line 7.
LaTeX Font Info:    ... okay on input line 7.
LaTeX Font Info:    Checking defaults for OMX/cmex/m/n on input line 7.
LaTeX Font Info:    ... okay on input line 7.
LaTeX Font Info:    Checking defaults for U/cmr/m/n on input line 7.
LaTeX Font Info:    ... okay on input line 7.
 [1

{/opt/local/var/db/texmf/fonts/map/pdftex/updmap/pdftex.map}]
LaTeX Font Info:    External font `cmex10' loaded for size
(Font)              <10.95> on input line 36.
LaTeX Font Info:    External font `cmex10' loaded for size
(Font)              <8> on input line 36.
LaTeX Font Info:    External font `cmex10' loaded for size
(Font)              <6> on input line 36.
LaTeX Font Info:    External font `cmex10' loaded for size
(Font)              <12> on input line 38.
 [1]
Underfull \hbox (badness 10000) in paragraph at lines 80--84

 []


Underfull \hbox (badness 10000) in paragraph at lines 84--88

 []

Missing character: There is no â in font cmr10!
Missing character: There is no € in font cmr10!
Missing character: There is no ¢ in font cmr10!
Missing character: There is no â in font cmr10!
Missing character: There is no € in font cmr10!
Missing character: There is no ¢ in font cmr10!
Missing character: There is no â in font cmr10!
Missing character: There is no € in font cmr10!
Missing character: There is no ¢ in font cmr10!
[2]
Underfull \hbox (badness 10000) in paragraph at lines 118--119

 []

[3] [4]
Overfull \hbox (5.15144pt too wide) in paragraph at lines 170--170
[]\OT1/cmr/bx/n/12 9.5 Lin-ear Com-bi-na-tions of In-de-pen-dent Nor-mal Ran-do
m Vari-
 []

[5]
Underfull \hbox (badness 10000) in paragraph at lines 192--195

 []


Underfull \hbox (badness 10000) in paragraph at lines 197--199

 []

[6] [7]
Underfull \hbox (badness 10000) in paragraph at lines 271--274

 []

[8]
Underfull \hbox (badness 10000) in paragraph at lines 300--303

 []


Underfull \hbox (badness 10000) in paragraph at lines 307--309

 []

[9]
Underfull \hbox (badness 10000) in paragraph at lines 310--311

 []


Underfull \hbox (badness 10000) in paragraph at lines 311--312

 []

[10] (./STAT230-StudyNotes.aux) ) 
Here is how much of TeX's memory you used:
 237 strings out of 494763
 2715 string characters out of 3171441
 52471 words of memory out of 3000000
 3539 multiletter control sequences out of 15000+200000
 9460 words of font info for 33 fonts, out of 3000000 for 9000
 134 hyphenation exceptions out of 8191
 21i,8n,19p,419b,240s stack positions out of 5000i,500n,10000p,200000b,50000s
</opt/local/share/texmf-texlive-dist/fonts/typ
e1/public/amsfonts/cm/cmbx10.pfb></opt/local/share/texmf-texlive-dist/fonts/typ
e1/public/amsfonts/cm/cmbx12.pfb></opt/local/share/texmf-texlive-dist/fonts/typ
e1/public/amsfonts/cm/cmcsc10.pfb></opt/local/share/texmf-texlive-dist/fonts/ty
pe1/public/amsfonts/cm/cmex10.pfb></opt/local/share/texmf-texlive-dist/fonts/ty
pe1/public/amsfonts/cm/cmmi10.pfb></opt/local/share/texmf-texlive-dist/fonts/ty
pe1/public/amsfonts/cm/cmmi12.pfb></opt/local/share/texmf-texlive-dist/fonts/ty
pe1/public/amsfonts/cm/cmmi6.pfb></opt/local/share/texmf-texlive-dist/fonts/typ
e1/public/amsfonts/cm/cmmi8.pfb></opt/local/share/texmf-texlive-dist/fonts/type
1/public/amsfonts/cm/cmr10.pfb></opt/local/share/texmf-texlive-dist/fonts/type1
/public/amsfonts/cm/cmr12.pfb></opt/local/share/texmf-texlive-dist/fonts/type1/
public/amsfonts/cm/cmr6.pfb></opt/local/share/texmf-texlive-dist/fonts/type1/pu
blic/amsfonts/cm/cmr8.pfb></opt/local/share/texmf-texlive-dist/fonts/type1/publ
ic/amsfonts/cm/cmsy10.pfb></opt/local/share/texmf-texlive-dist/fonts/type1/publ
ic/amsfonts/cm/cmsy6.pfb></opt/local/share/texmf-texlive-dist/fonts/type1/publi
c/amsfonts/cm/cmsy8.pfb></opt/local/share/texmf-texlive-dist/fonts/type1/public
/amsfonts/cm/cmti10.pfb>
Output written on STAT230-StudyNotes.pdf (11 pages, 210238 bytes).
PDF statistics:
 104 PDF objects out of 1000 (max. 8388607)
 74 compressed objects within 1 object stream
 0 named destinations out of 1000 (max. 500000)
 1 words of extra memory for PDF output out of 10000 (max. 10000000)

